0 silly argv {
0 silly argv   _: [ 'clean' ],
0 silly argv   lernaVersion: '5.4.3',
0 silly argv   '$0': 'D:\\Program\\node\\node_global\\node_modules\\lerna\\cli.js'
0 silly argv }
1 notice cli v5.4.3
2 verbose rootPath C:\Users\hbw\Desktop\Lerna
3 error JSONError: Unexpected token "}" (0x7D) in JSON at position 417 while parsing near "...vue\": \"^2.6.14\",\r\n  },\r\n  \"dependencies\"..." in packages\aw-low\package.json
3 error
3 error [0m [90m 22 |[39m     [32m"element-ui"[39m[33m:[39m [32m"^2.15.8"[39m[33m,[39m[0m
3 error [0m [90m 23 |[39m     [32m"vue"[39m[33m:[39m [32m"^2.6.14"[39m[33m,[39m[0m
3 error [0m[31m[1m>[22m[39m[90m 24 |[39m   }[33m,[39m[0m
3 error [0m [90m    |[39m   [31m[1m^[22m[39m[0m
3 error [0m [90m 25 |[39m   [32m"dependencies"[39m[33m:[39m {[0m
3 error [0m [90m 26 |[39m     [32m"node-sass"[39m[33m:[39m [32m"^4.12.0"[39m[33m,[39m[0m
3 error [0m [90m 27 |[39m     [32m"sass"[39m[33m:[39m [32m"^1.50.0"[39m[33m,[39m[0m
3 error
3 error     at parseJson (D:\Program\node\node_global\node_modules\lerna\node_modules\parse-json\index.js:29:21)
3 error     at parse (D:\Program\node\node_global\node_modules\lerna\node_modules\load-json-file\index.js:15:9)
3 error     at module.exports (D:\Program\node\node_global\node_modules\lerna\node_modules\load-json-file\index.js:18:47)
